# JRE version: OpenJDK Runtime Environment (21.0.7) (build 21.0.7+-13880790-b1038.58)
# Java VM: OpenJDK 64-Bit Server VM (21.0.7+-13880790-b1038.58, mixed mode, tiered, compressed oops, compressed class ptrs, g1 gc, windows-amd64)
GC Precious Log:
 CardTable entry size: 512
 Card Set container configuration: InlinePtr #cards 5 size 8 Array Of Cards #cards 12 size 40 Howl #buckets 4 coarsen threshold 1843 Howl Bitmap #cards 512 size 80 coarsen threshold 460 Card regions per heap region 1 cards per card region 2048
 CPUs: 4 total, 4 available
 Memory: 3520M
 Large Page Support: Disabled
 NUMA Support: Disabled
 Compressed Oops: Enabled (32-bit)
 Heap Region Size: 1M
 Heap Min Capacity: 8M
 Heap Initial Capacity: 56M
 Heap Max Capacity: 882M
 Pre-touch: Disabled
 Parallel Workers: 4
 Concurrent Workers: 1
 Concurrent Refinement Workers: 4
 Periodic GC: Disabled
Heap:
 garbage-first heap   total 162816K, used 111012K [0x00000000c8e00000, 0x0000000100000000)
  region size 1024K, 18 young (18432K), 3 survivors (3072K)
 Metaspace       used 80456K, committed 80768K, reserved 1179648K
  class space    used 8661K, committed 8768K, reserved 1048576K
GC Heap History (20 events):
Event: 13.698 GC heap before
{Heap before GC invocations=22 (full 0):
 garbage-first heap   total 68608K, used 57560K [0x00000000c8e00000, 0x0000000100000000)
  region size 1024K, 16 young (16384K), 2 survivors (2048K)
 Metaspace       used 53445K, committed 53696K, reserved 1114112K
  class space    used 6183K, committed 6272K, reserved 1048576K
}
Event: 13.712 GC heap after
{Heap after GC invocations=23 (full 0):
 garbage-first heap   total 68608K, used 48179K [0x00000000c8e00000, 0x0000000100000000)
  region size 1024K, 2 young (2048K), 2 survivors (2048K)
 Metaspace       used 53445K, committed 53696K, reserved 1114112K
  class space    used 6183K, committed 6272K, reserved 1048576K
}
Event: 14.010 GC heap before
{Heap before GC invocations=24 (full 0):
 garbage-first heap   total 81920K, used 58419K [0x00000000c8e00000, 0x0000000100000000)
  region size 1024K, 12 young (12288K), 2 survivors (2048K)
 Metaspace       used 53547K, committed 53760K, reserved 1114112K
  class space    used 6192K, committed 6272K, reserved 1048576K
}
Event: 14.019 GC heap after
{Heap after GC invocations=25 (full 0):
 garbage-first heap   total 81920K, used 50535K [0x00000000c8e00000, 0x0000000100000000)
  region size 1024K, 2 young (2048K), 2 survivors (2048K)
 Metaspace       used 53547K, committed 53760K, reserved 1114112K
  class space    used 6192K, committed 6272K, reserved 1048576K
}
Event: 14.717 GC heap before
{Heap before GC invocations=25 (full 0):
 garbage-first heap   total 81920K, used 67943K [0x00000000c8e00000, 0x0000000100000000)
  region size 1024K, 20 young (20480K), 2 survivors (2048K)
 Metaspace       used 54373K, committed 54720K, reserved 1114112K
  class space    used 6319K, committed 6464K, reserved 1048576K
}
Event: 14.732 GC heap after
{Heap after GC invocations=26 (full 0):
 garbage-first heap   total 131072K, used 53248K [0x00000000c8e00000, 0x0000000100000000)
  region size 1024K, 3 young (3072K), 3 survivors (3072K)
 Metaspace       used 54373K, committed 54720K, reserved 1114112K
  class space    used 6319K, committed 6464K, reserved 1048576K
}
Event: 17.322 GC heap before
{Heap before GC invocations=26 (full 0):
 garbage-first heap   total 131072K, used 101376K [0x00000000c8e00000, 0x0000000100000000)
  region size 1024K, 51 young (52224K), 3 survivors (3072K)
 Metaspace       used 57450K, committed 57728K, reserved 1114112K
  class space    used 6550K, committed 6656K, reserved 1048576K
}
Event: 17.344 GC heap after
{Heap after GC invocations=27 (full 0):
 garbage-first heap   total 131072K, used 62774K [0x00000000c8e00000, 0x0000000100000000)
  region size 1024K, 7 young (7168K), 7 survivors (7168K)
 Metaspace       used 57450K, committed 57728K, reserved 1114112K
  class space    used 6550K, committed 6656K, reserved 1048576K
}
Event: 24.440 GC heap before
{Heap before GC invocations=27 (full 0):
 garbage-first heap   total 131072K, used 99638K [0x00000000c8e00000, 0x0000000100000000)
  region size 1024K, 43 young (44032K), 7 survivors (7168K)
 Metaspace       used 59670K, committed 59968K, reserved 1114112K
  class space    used 6780K, committed 6912K, reserved 1048576K
}
Event: 24.467 GC heap after
{Heap after GC invocations=28 (full 0):
 garbage-first heap   total 131072K, used 70656K [0x00000000c8e00000, 0x0000000100000000)
  region size 1024K, 6 young (6144K), 6 survivors (6144K)
 Metaspace       used 59670K, committed 59968K, reserved 1114112K
  class space    used 6780K, committed 6912K, reserved 1048576K
}
Event: 26.293 GC heap before
{Heap before GC invocations=28 (full 0):
 garbage-first heap   total 131072K, used 105472K [0x00000000c8e00000, 0x0000000100000000)
  region size 1024K, 40 young (40960K), 6 survivors (6144K)
 Metaspace       used 61687K, committed 62016K, reserved 1114112K
  class space    used 6940K, committed 7104K, reserved 1048576K
}
Event: 26.322 GC heap after
{Heap after GC invocations=29 (full 0):
 garbage-first heap   total 131072K, used 79360K [0x00000000c8e00000, 0x0000000100000000)
  region size 1024K, 5 young (5120K), 5 survivors (5120K)
 Metaspace       used 61687K, committed 62016K, reserved 1114112K
  class space    used 6940K, committed 7104K, reserved 1048576K
}
Event: 28.052 GC heap before
{Heap before GC invocations=29 (full 0):
 garbage-first heap   total 131072K, used 110080K [0x00000000c8e00000, 0x0000000100000000)
  region size 1024K, 35 young (35840K), 5 survivors (5120K)
 Metaspace       used 66584K, committed 66944K, reserved 1114112K
  class space    used 7396K, committed 7552K, reserved 1048576K
}
Event: 28.077 GC heap after
{Heap after GC invocations=30 (full 0):
 garbage-first heap   total 131072K, used 84837K [0x00000000c8e00000, 0x0000000100000000)
  region size 1024K, 5 young (5120K), 5 survivors (5120K)
 Metaspace       used 66584K, committed 66944K, reserved 1114112K
  class space    used 7396K, committed 7552K, reserved 1048576K
}
Event: 30.352 GC heap before
{Heap before GC invocations=31 (full 0):
 garbage-first heap   total 142336K, used 112485K [0x00000000c8e00000, 0x0000000100000000)
  region size 1024K, 33 young (33792K), 5 survivors (5120K)
 Metaspace       used 69468K, committed 69824K, reserved 1114112K
  class space    used 7610K, committed 7808K, reserved 1048576K
}
Event: 30.376 GC heap after
{Heap after GC invocations=32 (full 0):
 garbage-first heap   total 142336K, used 87106K [0x00000000c8e00000, 0x0000000100000000)
  region size 1024K, 4 young (4096K), 4 survivors (4096K)
 Metaspace       used 69468K, committed 69824K, reserved 1114112K
  class space    used 7610K, committed 7808K, reserved 1048576K
}
Event: 34.118 GC heap before
{Heap before GC invocations=32 (full 0):
 garbage-first heap   total 142336K, used 122946K [0x00000000c8e00000, 0x0000000100000000)
  region size 1024K, 39 young (39936K), 4 survivors (4096K)
 Metaspace       used 71652K, committed 72000K, reserved 1114112K
  class space    used 7826K, committed 8000K, reserved 1048576K
}
Event: 34.156 GC heap after
{Heap after GC invocations=33 (full 0):
 garbage-first heap   total 142336K, used 93184K [0x00000000c8e00000, 0x0000000100000000)
  region size 1024K, 5 young (5120K), 5 survivors (5120K)
 Metaspace       used 71652K, committed 72000K, reserved 1114112K
  class space    used 7826K, committed 8000K, reserved 1048576K
}
Event: 36.572 GC heap before
{Heap before GC invocations=33 (full 0):
 garbage-first heap   total 142336K, used 124928K [0x00000000c8e00000, 0x0000000100000000)
  region size 1024K, 36 young (36864K), 5 survivors (5120K)
 Metaspace       used 78723K, committed 79104K, reserved 1179648K
  class space    used 8549K, committed 8704K, reserved 1048576K
}
Event: 36.592 GC heap after
{Heap after GC invocations=34 (full 0):
 garbage-first heap   total 142336K, used 96676K [0x00000000c8e00000, 0x0000000100000000)
  region size 1024K, 3 young (3072K), 3 survivors (3072K)
 Metaspace       used 78723K, committed 79104K, reserved 1179648K
  class space    used 8549K, committed 8704K, reserved 1048576K
}

